0 info it worked if it ends with ok
1 verbose cli [ 'C:\\Program Files (x86)\\nodejs\\node.exe',
1 verbose cli   'C:\\Program Files (x86)\\nodejs\\node_modules\\npm\\bin\\npm-cli.js',
1 verbose cli   'publish' ]
2 info using npm@2.14.12
3 info using node@v4.2.4
4 verbose publish [ '.' ]
5 silly cache add args [ '.', null ]
6 verbose cache add spec .
7 silly cache add parsed spec Result {
7 silly cache add   raw: '.',
7 silly cache add   scope: null,
7 silly cache add   name: null,
7 silly cache add   rawSpec: '.',
7 silly cache add   spec: 'C:\\wamp\\www\\framework\\kimera',
7 silly cache add   type: 'directory' }
8 verbose addLocalDirectory C:\Users\Leonardo\AppData\Roaming\npm-cache\kimera\0.2.3\package.tgz not in flight; packing
9 verbose tar pack [ 'C:\\Users\\Leonardo\\AppData\\Roaming\\npm-cache\\kimera\\0.2.3\\package.tgz',
9 verbose tar pack   'C:\\wamp\\www\\framework\\kimera' ]
10 verbose tarball C:\Users\Leonardo\AppData\Roaming\npm-cache\kimera\0.2.3\package.tgz
11 verbose folder C:\wamp\www\framework\kimera
12 info prepublish kimera@0.2.3
13 verbose addLocalTarball adding from inside cache C:\Users\Leonardo\AppData\Roaming\npm-cache\kimera\0.2.3\package.tgz
14 silly cache afterAdd kimera@0.2.3
15 verbose afterAdd C:\Users\Leonardo\AppData\Roaming\npm-cache\kimera\0.2.3\package\package.json not in flight; writing
16 verbose afterAdd C:\Users\Leonardo\AppData\Roaming\npm-cache\kimera\0.2.3\package\package.json written
17 silly publish { name: 'kimera',
17 silly publish   version: '0.2.3',
17 silly publish   description: 'A Modern CSS framework based on flexbox',
17 silly publish   main: 'index.js',
17 silly publish   scripts: { test: 'echo "Error: no test specified" && exit 1' },
17 silly publish   repository:
17 silly publish    { type: 'git',
17 silly publish      url: 'git+https://github.com/JorgeAntrax/kimera.git' },
17 silly publish   keywords:
17 silly publish    [ 'css',
17 silly publish      'scss',
17 silly publish      'flexbox',
17 silly publish      'responsive',
17 silly publish      'framework',
17 silly publish      'modular',
17 silly publish      'library' ],
17 silly publish   author: { name: 'Leonardo Quintana Juarez' },
17 silly publish   email: 'spicer_94@hotmail.com',
17 silly publish   license: 'MIT',
17 silly publish   bugs: { url: 'https://github.com/JorgeAntrax/kimera/issues' },
17 silly publish   homepage: 'http://kimera.comli.com/kimera',
17 silly publish   readme: '# kimera\r\nA modern CSS framework Based on Flaexbox\r\n',
17 silly publish   readmeFilename: 'README.md',
17 silly publish   gitHead: '9ff196ed72254e86ab1a7271d2a7b0c5f0255e6a',
17 silly publish   _id: 'kimera@0.2.3',
17 silly publish   _shasum: 'd8ad5af3051524cf4e0f86cf7395befba864cafc',
17 silly publish   _from: '.' }
18 verbose getPublishConfig undefined
19 silly mapToRegistry name kimera
20 silly mapToRegistry using default registry
21 silly mapToRegistry registry https://registry.npmjs.org/
22 silly mapToRegistry uri https://registry.npmjs.org/kimera
23 verbose publish registryBase https://registry.npmjs.org/
24 silly publish uploading C:\Users\Leonardo\AppData\Roaming\npm-cache\kimera\0.2.3\package.tgz
25 verbose request uri https://registry.npmjs.org/kimera
26 verbose request sending authorization for write operation
27 info attempt registry request try #1 at 23:17:14
28 verbose request using bearer token for auth
29 verbose request id 62cd06d243640b73
30 http request PUT https://registry.npmjs.org/kimera
31 http 403 https://registry.npmjs.org/kimera
32 verbose headers { 'content-type': 'application/json',
32 verbose headers   'cache-control': 'max-age=300',
32 verbose headers   'content-length': '104',
32 verbose headers   'accept-ranges': 'bytes',
32 verbose headers   date: 'Fri, 27 Oct 2017 05:20:31 GMT',
32 verbose headers   via: '1.1 varnish',
32 verbose headers   connection: 'keep-alive',
32 verbose headers   'x-served-by': 'cache-lax8647-LAX',
32 verbose headers   'x-cache': 'MISS',
32 verbose headers   'x-cache-hits': '0',
32 verbose headers   'x-timer': 'S1509081631.995896,VS0,VE399',
32 verbose headers   vary: 'Accept-Encoding, Accept' }
33 verbose request invalidating C:\Users\Leonardo\AppData\Roaming\npm-cache\registry.npmjs.org\kimera on PUT
34 error publish Failed PUT 403
35 verbose stack Error: you must verify your email before publishing a new package: https://www.npmjs.com/email-edit : kimera
35 verbose stack     at makeError (C:\Program Files (x86)\nodejs\node_modules\npm\node_modules\npm-registry-client\lib\request.js:264:12)
35 verbose stack     at CachingRegistryClient.<anonymous> (C:\Program Files (x86)\nodejs\node_modules\npm\node_modules\npm-registry-client\lib\request.js:252:14)
35 verbose stack     at Request._callback (C:\Program Files (x86)\nodejs\node_modules\npm\node_modules\npm-registry-client\lib\request.js:172:14)
35 verbose stack     at Request.self.callback (C:\Program Files (x86)\nodejs\node_modules\npm\node_modules\request\request.js:198:22)
35 verbose stack     at emitTwo (events.js:87:13)
35 verbose stack     at Request.emit (events.js:172:7)
35 verbose stack     at Request.<anonymous> (C:\Program Files (x86)\nodejs\node_modules\npm\node_modules\request\request.js:1082:10)
35 verbose stack     at emitOne (events.js:82:20)
35 verbose stack     at Request.emit (events.js:169:7)
35 verbose stack     at IncomingMessage.<anonymous> (C:\Program Files (x86)\nodejs\node_modules\npm\node_modules\request\request.js:1009:12)
36 verbose statusCode 403
37 verbose pkgid kimera
38 verbose cwd C:\wamp\www\framework\kimera
39 error Windows_NT 10.0.14393
40 error argv "C:\\Program Files (x86)\\nodejs\\node.exe" "C:\\Program Files (x86)\\nodejs\\node_modules\\npm\\bin\\npm-cli.js" "publish"
41 error node v4.2.4
42 error npm  v2.14.12
43 error code E403
44 error you must verify your email before publishing a new package: https://www.npmjs.com/email-edit : kimera
45 error If you need help, you may report this error at:
45 error     <https://github.com/npm/npm/issues>
46 verbose exit [ 1, true ]
